11-07 02:42:04 com_github_MitjaNemec_ReplicateLayout.action_replicate_layout 392:Plugin executed on: 'win32'
11-07 02:42:04 com_github_MitjaNemec_ReplicateLayout.action_replicate_layout 393:Plugin executed with python version: '3.11.5 (main, Aug 14 2024, 05:26:19) [MSC v.1939 64 bit (AMD64)]'
11-07 02:42:04 com_github_MitjaNemec_ReplicateLayout.action_replicate_layout 394:KiCad build version: 8.0.5
11-07 02:42:04 com_github_MitjaNemec_ReplicateLayout.action_replicate_layout 395:Plugin version: 3.0.3
11-07 02:42:04 com_github_MitjaNemec_ReplicateLayout.action_replicate_layout 396:Frame repr: <wx._core.Frame object at 0x000001F592AEF760>
11-07 02:42:04 com_github_MitjaNemec_ReplicateLayout.action_replicate_layout 420:Preparing replicator with U18 as a reference
11-07 02:42:04 com_github_MitjaNemec_ReplicateLayout.replicate_layout 117:getting a list of all footprints on board
11-07 02:42:04 com_github_MitjaNemec_ReplicateLayout.action_replicate_layout 468:source anchor footprint is 'U18'
Located on: ['REACTION WHEELS', 'REACTION WHEEL 3', 'MONITOR1']
With filenames: ['../../POWER/KICAD/reaction_wheels.kicad_sch', '../../COMMAND/KICAD/reaction_wheel.kicad_sch', '../../POWER/KICAD/monitor.kicad_sch']
With sheet_id:['REACTION WHEELS', 'REACTION WHEEL 3', 'MONITOR1']
11-07 02:42:04 com_github_MitjaNemec_ReplicateLayout.action_replicate_layout 475:Corresponding footprints are 
[('U20', ['REACTION WHEELS', 'REACTION WHEEL 4', 'MONITOR1']), ('U18', ['REACTION WHEELS', 'REACTION WHEEL 3', 'MONITOR1']), ('U16', ['REACTION WHEELS', 'REACTION WHEEL 2', 'MONITOR1']), ('U11', ['MAGNET TORQUERS', 'MONITOR']), ('U9', ['REACTION WHEELS', 'REACTION WHEEL 1', 'MONITOR1'])]
11-07 02:42:04 com_github_MitjaNemec_ReplicateLayout.action_replicate_layout 487:Showing dialog
11-07 02:42:04 com_github_MitjaNemec_ReplicateLayout.replicate_layout 472:constructing a list of sheets suitable for replication on level:'MONITOR1', file:'../../POWER/KICAD/monitor.kicad_sch'
11-07 02:42:04 com_github_MitjaNemec_ReplicateLayout.replicate_layout 509:suitable sheets are:[['REACTION WHEELS', 'REACTION WHEEL 1', 'MONITOR1'], ['REACTION WHEELS', 'REACTION WHEEL 2', 'MONITOR1'], ['REACTION WHEELS', 'REACTION WHEEL 4', 'MONITOR1']]
11-07 02:42:04 com_github_MitjaNemec_ReplicateLayout.replicate_layout 1507:Level selected: ['REACTION WHEELS', 'REACTION WHEEL 3', 'MONITOR1']
11-07 02:42:04 com_github_MitjaNemec_ReplicateLayout.replicate_layout 1331:Filtering list of tracks
11-07 02:42:04 com_github_MitjaNemec_ReplicateLayout.action_replicate_layout 493:Toolbar position: wx.Point(1886, 77)
11-07 02:42:04 com_github_MitjaNemec_ReplicateLayout.action_replicate_layout 498:Dialog position: wx.Point(1447, 77)
11-07 02:42:09 com_github_MitjaNemec_ReplicateLayout.replicate_layout 472:constructing a list of sheets suitable for replication on level:'MONITOR1', file:'../../POWER/KICAD/monitor.kicad_sch'
11-07 02:42:09 com_github_MitjaNemec_ReplicateLayout.replicate_layout 509:suitable sheets are:[['REACTION WHEELS', 'REACTION WHEEL 1', 'MONITOR1'], ['REACTION WHEELS', 'REACTION WHEEL 2', 'MONITOR1'], ['REACTION WHEELS', 'REACTION WHEEL 4', 'MONITOR1']]
11-07 02:42:09 com_github_MitjaNemec_ReplicateLayout.action_replicate_layout 240:Replicating layout
11-07 02:42:09 com_github_MitjaNemec_ReplicateLayout.replicate_layout 288:Starting replication of sheets: [['REACTION WHEELS', 'REACTION WHEEL 1', 'MONITOR1'], ['REACTION WHEELS', 'REACTION WHEEL 2', 'MONITOR1'], ['REACTION WHEELS', 'REACTION WHEEL 4', 'MONITOR1']]
on level: ['REACTION WHEELS', 'REACTION WHEEL 3', 'MONITOR1']
with tracks=True, zone=True, text=True, text=True, intersecting=False, remove=False, locked footprints=False, group_only=False
11-07 02:42:09 root 332:updating GUI message: 'Preparing for replication'
11-07 02:42:09 root 337:updating GUI with: 0
11-07 02:42:09 com_github_MitjaNemec_ReplicateLayout.replicate_layout 358:Getting the list of source footprints
11-07 02:42:09 com_github_MitjaNemec_ReplicateLayout.replicate_layout 368:Getting the list of all the remaining footprints
11-07 02:42:09 com_github_MitjaNemec_ReplicateLayout.replicate_layout 375:Getting source tracks
11-07 02:42:09 com_github_MitjaNemec_ReplicateLayout.replicate_layout 1331:Filtering list of tracks
11-07 02:42:09 com_github_MitjaNemec_ReplicateLayout.replicate_layout 379:Getting source zones
11-07 02:42:09 com_github_MitjaNemec_ReplicateLayout.replicate_layout 383:Getting source text items
11-07 02:42:09 com_github_MitjaNemec_ReplicateLayout.replicate_layout 387:Getting source drawing items
11-07 02:42:09 root 332:updating GUI message: 'Replicating footprints'
11-07 02:42:09 root 337:updating GUI with: 0
11-07 02:42:09 com_github_MitjaNemec_ReplicateLayout.replicate_layout 861:Replicating footprints
11-07 02:42:09 com_github_MitjaNemec_ReplicateLayout.replicate_layout 868:Replicating footprints on sheet ['REACTION WHEELS', 'REACTION WHEEL 1', 'MONITOR1']
11-07 02:42:09 com_github_MitjaNemec_ReplicateLayout.replicate_layout 985:Src text UUid:88427fe5-112a-43b7-9fce-b296a26aad35
11-07 02:42:09 com_github_MitjaNemec_ReplicateLayout.replicate_layout 986:Dst text UUid:b210338e-03cb-4f7e-aa90-daab8b8e6c33
11-07 02:42:09 com_github_MitjaNemec_ReplicateLayout.replicate_layout 985:Src text UUid:1dc3deeb-4149-456b-acd9-656f8b83474c
11-07 02:42:09 com_github_MitjaNemec_ReplicateLayout.replicate_layout 986:Dst text UUid:3d845ddc-f4e4-4c6b-a418-e626de57c8a8
11-07 02:42:09 com_github_MitjaNemec_ReplicateLayout.replicate_layout 985:Src text UUid:dca9f91c-19f2-4f6f-ba49-09df1dc19946
11-07 02:42:09 com_github_MitjaNemec_ReplicateLayout.replicate_layout 986:Dst text UUid:ae7f94aa-192c-4168-9445-765d054bcaf8
11-07 02:42:09 com_github_MitjaNemec_ReplicateLayout.replicate_layout 985:Src text UUid:3b41c9b5-f62b-47ec-975d-28eb5c259d06
11-07 02:42:09 com_github_MitjaNemec_ReplicateLayout.replicate_layout 986:Dst text UUid:2872376e-b1ce-49f4-b3b5-cc51b764d2ff
11-07 02:42:09 com_github_MitjaNemec_ReplicateLayout.replicate_layout 985:Src text UUid:94443677-e33a-4761-8422-f8a680f0c143
11-07 02:42:09 com_github_MitjaNemec_ReplicateLayout.replicate_layout 986:Dst text UUid:3044bea5-24f2-4d6b-893d-599fb165444c
11-07 02:42:09 com_github_MitjaNemec_ReplicateLayout.replicate_layout 985:Src text UUid:1e6a4f4d-9dfd-4094-a1e3-646d9b45e7ba
11-07 02:42:09 com_github_MitjaNemec_ReplicateLayout.replicate_layout 986:Dst text UUid:79465639-c68a-417e-90e5-1365b446889c
11-07 02:42:09 com_github_MitjaNemec_ReplicateLayout.replicate_layout 985:Src text UUid:85f0c999-e4b8-4509-93a7-b426e3c57f12
11-07 02:42:09 com_github_MitjaNemec_ReplicateLayout.replicate_layout 986:Dst text UUid:19f9347d-421c-4c81-83d1-15a6c690c511
11-07 02:42:09 com_github_MitjaNemec_ReplicateLayout.replicate_layout 985:Src text UUid:2c9f3ea3-6e3a-466a-aaa6-00387b8cde9c
11-07 02:42:09 com_github_MitjaNemec_ReplicateLayout.replicate_layout 986:Dst text UUid:9a31fa61-3918-488f-a239-b2bed44f625a
11-07 02:42:09 com_github_MitjaNemec_ReplicateLayout.replicate_layout 985:Src text UUid:1547463e-33c7-4f56-89f8-e68dd89f0d09
11-07 02:42:09 com_github_MitjaNemec_ReplicateLayout.replicate_layout 986:Dst text UUid:2271835d-5878-4632-a62b-2cf04f868402
11-07 02:42:09 com_github_MitjaNemec_ReplicateLayout.replicate_layout 985:Src text UUid:5f14250f-fb92-4eab-9ac2-3fb57ef0bc47
11-07 02:42:09 com_github_MitjaNemec_ReplicateLayout.replicate_layout 986:Dst text UUid:b90c385a-fded-4828-be1a-be6f2f757c8a
11-07 02:42:09 com_github_MitjaNemec_ReplicateLayout.replicate_layout 985:Src text UUid:eb955dab-f800-455d-87da-4019e29604c3
11-07 02:42:09 com_github_MitjaNemec_ReplicateLayout.replicate_layout 986:Dst text UUid:2f4c920b-7cf3-41a0-be72-d18806c7e48e
11-07 02:42:09 com_github_MitjaNemec_ReplicateLayout.replicate_layout 985:Src text UUid:babe1160-3edc-4c70-b3ce-cdbf5c660e59
11-07 02:42:09 com_github_MitjaNemec_ReplicateLayout.replicate_layout 986:Dst text UUid:9baa0200-46ff-4b18-b5c3-e70af5c85121
11-07 02:42:09 com_github_MitjaNemec_ReplicateLayout.replicate_layout 985:Src text UUid:6779536c-5e25-4242-be79-7ea6c7f9aaf8
11-07 02:42:09 com_github_MitjaNemec_ReplicateLayout.replicate_layout 986:Dst text UUid:8a65185a-2725-4a72-9cb6-a0d8ad73cc4a
11-07 02:42:09 com_github_MitjaNemec_ReplicateLayout.replicate_layout 985:Src text UUid:b4188095-fb7c-4c6d-a0dc-f76e4381e42b
11-07 02:42:09 com_github_MitjaNemec_ReplicateLayout.replicate_layout 986:Dst text UUid:d3ff128d-012a-4741-a422-44766ca693fc
11-07 02:42:09 com_github_MitjaNemec_ReplicateLayout.replicate_layout 985:Src text UUid:78cbdaa8-837e-4444-b317-1ba89e7be33b
11-07 02:42:09 com_github_MitjaNemec_ReplicateLayout.replicate_layout 986:Dst text UUid:0617c80f-2ed0-4be6-b7cd-0de35b2a19c3
11-07 02:42:09 com_github_MitjaNemec_ReplicateLayout.replicate_layout 985:Src text UUid:fdb39d6e-8a37-4224-b096-ea95e9df516c
11-07 02:42:09 com_github_MitjaNemec_ReplicateLayout.replicate_layout 986:Dst text UUid:f5f3f8cd-8062-4083-bdaa-febe3df41bed
11-07 02:42:09 com_github_MitjaNemec_ReplicateLayout.replicate_layout 985:Src text UUid:3048c75a-be8a-49d8-8713-2f8903bc498a
11-07 02:42:09 com_github_MitjaNemec_ReplicateLayout.replicate_layout 986:Dst text UUid:b7aa5684-09dc-40dc-83f5-a481ea461639
11-07 02:42:09 com_github_MitjaNemec_ReplicateLayout.replicate_layout 985:Src text UUid:58e1ed31-8a8d-4541-849f-7fff6263fa56
11-07 02:42:09 com_github_MitjaNemec_ReplicateLayout.replicate_layout 986:Dst text UUid:9ddbe5b9-ab96-47e0-b24e-9425156d63d0
11-07 02:42:09 com_github_MitjaNemec_ReplicateLayout.replicate_layout 985:Src text UUid:dcbe54fd-1e3a-4cf8-8e57-d469b7918e62
11-07 02:42:09 com_github_MitjaNemec_ReplicateLayout.replicate_layout 986:Dst text UUid:16ceb5d6-4bd7-46b3-9557-d8775a295cba
11-07 02:42:09 com_github_MitjaNemec_ReplicateLayout.replicate_layout 985:Src text UUid:d012c9df-9497-4679-a2b6-7b7b29b16427
11-07 02:42:09 com_github_MitjaNemec_ReplicateLayout.replicate_layout 986:Dst text UUid:583da1e2-9982-4d62-b286-6c3b73a80fcf
11-07 02:42:09 com_github_MitjaNemec_ReplicateLayout.replicate_layout 985:Src text UUid:5c178740-8268-424c-a306-ed39542c78bd
11-07 02:42:09 com_github_MitjaNemec_ReplicateLayout.replicate_layout 986:Dst text UUid:904c8675-7be9-40d5-a942-13e16257e24f
11-07 02:42:09 com_github_MitjaNemec_ReplicateLayout.replicate_layout 868:Replicating footprints on sheet ['REACTION WHEELS', 'REACTION WHEEL 2', 'MONITOR1']
11-07 02:42:09 com_github_MitjaNemec_ReplicateLayout.replicate_layout 985:Src text UUid:88427fe5-112a-43b7-9fce-b296a26aad35
11-07 02:42:09 com_github_MitjaNemec_ReplicateLayout.replicate_layout 986:Dst text UUid:9a020859-be63-4548-93b8-79596eab5d7a
11-07 02:42:09 com_github_MitjaNemec_ReplicateLayout.replicate_layout 985:Src text UUid:1dc3deeb-4149-456b-acd9-656f8b83474c
11-07 02:42:09 com_github_MitjaNemec_ReplicateLayout.replicate_layout 986:Dst text UUid:4486acba-e6b2-4550-811c-3b82fa38e226
11-07 02:42:09 com_github_MitjaNemec_ReplicateLayout.replicate_layout 985:Src text UUid:dca9f91c-19f2-4f6f-ba49-09df1dc19946
11-07 02:42:09 com_github_MitjaNemec_ReplicateLayout.replicate_layout 986:Dst text UUid:334e6ff6-b9c5-49a6-92ca-9c83a2239249
11-07 02:42:09 com_github_MitjaNemec_ReplicateLayout.replicate_layout 985:Src text UUid:3b41c9b5-f62b-47ec-975d-28eb5c259d06
11-07 02:42:09 com_github_MitjaNemec_ReplicateLayout.replicate_layout 986:Dst text UUid:8ec04aa9-caf7-42f0-b64b-2e28e4e1f738
11-07 02:42:09 com_github_MitjaNemec_ReplicateLayout.replicate_layout 985:Src text UUid:94443677-e33a-4761-8422-f8a680f0c143
11-07 02:42:09 com_github_MitjaNemec_ReplicateLayout.replicate_layout 986:Dst text UUid:869b47be-e6ce-403b-b1ed-40e856610584
11-07 02:42:09 com_github_MitjaNemec_ReplicateLayout.replicate_layout 985:Src text UUid:1e6a4f4d-9dfd-4094-a1e3-646d9b45e7ba
11-07 02:42:09 com_github_MitjaNemec_ReplicateLayout.replicate_layout 986:Dst text UUid:c9acd684-fa66-46cb-923d-e6e52a8d14b5
11-07 02:42:09 root 337:updating GUI with: 47
11-07 02:42:09 com_github_MitjaNemec_ReplicateLayout.replicate_layout 985:Src text UUid:85f0c999-e4b8-4509-93a7-b426e3c57f12
11-07 02:42:09 com_github_MitjaNemec_ReplicateLayout.replicate_layout 986:Dst text UUid:c9b598d2-fa1f-4a0d-ae5b-905f21684dbd
11-07 02:42:09 com_github_MitjaNemec_ReplicateLayout.replicate_layout 985:Src text UUid:2c9f3ea3-6e3a-466a-aaa6-00387b8cde9c
11-07 02:42:09 com_github_MitjaNemec_ReplicateLayout.replicate_layout 986:Dst text UUid:aded13a5-e172-487f-9dfd-4709a32a233a
11-07 02:42:09 com_github_MitjaNemec_ReplicateLayout.replicate_layout 985:Src text UUid:1547463e-33c7-4f56-89f8-e68dd89f0d09
11-07 02:42:09 com_github_MitjaNemec_ReplicateLayout.replicate_layout 986:Dst text UUid:9a319892-454d-43a8-903c-14c7cf881449
11-07 02:42:09 com_github_MitjaNemec_ReplicateLayout.replicate_layout 985:Src text UUid:5f14250f-fb92-4eab-9ac2-3fb57ef0bc47
11-07 02:42:09 com_github_MitjaNemec_ReplicateLayout.replicate_layout 986:Dst text UUid:753f1a0d-bc70-4235-84b5-85a2a6e1641a
11-07 02:42:09 com_github_MitjaNemec_ReplicateLayout.replicate_layout 985:Src text UUid:eb955dab-f800-455d-87da-4019e29604c3
11-07 02:42:09 com_github_MitjaNemec_ReplicateLayout.replicate_layout 986:Dst text UUid:f5a64c2b-5730-4907-b8e0-5facd0913d18
11-07 02:42:09 com_github_MitjaNemec_ReplicateLayout.replicate_layout 985:Src text UUid:babe1160-3edc-4c70-b3ce-cdbf5c660e59
11-07 02:42:09 com_github_MitjaNemec_ReplicateLayout.replicate_layout 986:Dst text UUid:0843b560-7229-4f6a-87cc-524c573d9265
11-07 02:42:09 com_github_MitjaNemec_ReplicateLayout.replicate_layout 985:Src text UUid:6779536c-5e25-4242-be79-7ea6c7f9aaf8
11-07 02:42:09 com_github_MitjaNemec_ReplicateLayout.replicate_layout 986:Dst text UUid:2e431d93-75ce-40da-a64d-fb7d5a65ba55
11-07 02:42:09 com_github_MitjaNemec_ReplicateLayout.replicate_layout 985:Src text UUid:b4188095-fb7c-4c6d-a0dc-f76e4381e42b
11-07 02:42:09 com_github_MitjaNemec_ReplicateLayout.replicate_layout 986:Dst text UUid:5c7f9921-eac9-4fe6-b1f6-8c0a7293c6fa
11-07 02:42:09 com_github_MitjaNemec_ReplicateLayout.replicate_layout 985:Src text UUid:78cbdaa8-837e-4444-b317-1ba89e7be33b
11-07 02:42:09 com_github_MitjaNemec_ReplicateLayout.replicate_layout 986:Dst text UUid:18ea8f36-e007-4b55-a98f-889e401e7b2e
11-07 02:42:09 com_github_MitjaNemec_ReplicateLayout.replicate_layout 985:Src text UUid:fdb39d6e-8a37-4224-b096-ea95e9df516c
11-07 02:42:09 com_github_MitjaNemec_ReplicateLayout.replicate_layout 986:Dst text UUid:8441f2b1-6349-4e39-8cb7-ef6cfee25c22
11-07 02:42:09 com_github_MitjaNemec_ReplicateLayout.replicate_layout 985:Src text UUid:3048c75a-be8a-49d8-8713-2f8903bc498a
11-07 02:42:09 com_github_MitjaNemec_ReplicateLayout.replicate_layout 986:Dst text UUid:498881b2-765b-4990-aef2-432d589659e4
11-07 02:42:09 com_github_MitjaNemec_ReplicateLayout.replicate_layout 985:Src text UUid:58e1ed31-8a8d-4541-849f-7fff6263fa56
11-07 02:42:09 com_github_MitjaNemec_ReplicateLayout.replicate_layout 986:Dst text UUid:5181986d-c6f2-4fb3-b1ee-57dc8efd66d7
11-07 02:42:09 com_github_MitjaNemec_ReplicateLayout.replicate_layout 985:Src text UUid:dcbe54fd-1e3a-4cf8-8e57-d469b7918e62
11-07 02:42:09 com_github_MitjaNemec_ReplicateLayout.replicate_layout 986:Dst text UUid:e9eead3b-ea66-4821-982e-5ee902f67d8f
11-07 02:42:09 com_github_MitjaNemec_ReplicateLayout.replicate_layout 985:Src text UUid:d012c9df-9497-4679-a2b6-7b7b29b16427
11-07 02:42:09 com_github_MitjaNemec_ReplicateLayout.replicate_layout 986:Dst text UUid:a43fe633-7b72-4909-9b2c-fb0a6e388ad3
11-07 02:42:09 com_github_MitjaNemec_ReplicateLayout.replicate_layout 985:Src text UUid:5c178740-8268-424c-a306-ed39542c78bd
11-07 02:42:09 com_github_MitjaNemec_ReplicateLayout.replicate_layout 986:Dst text UUid:15fd1ca2-2104-46bc-a1d9-f08a6762ee77
11-07 02:42:09 com_github_MitjaNemec_ReplicateLayout.replicate_layout 868:Replicating footprints on sheet ['REACTION WHEELS', 'REACTION WHEEL 4', 'MONITOR1']
11-07 02:42:09 com_github_MitjaNemec_ReplicateLayout.replicate_layout 985:Src text UUid:88427fe5-112a-43b7-9fce-b296a26aad35
11-07 02:42:09 com_github_MitjaNemec_ReplicateLayout.replicate_layout 986:Dst text UUid:a93217d3-2889-4a4e-b42f-a6464a1e2b15
11-07 02:42:09 com_github_MitjaNemec_ReplicateLayout.replicate_layout 985:Src text UUid:1dc3deeb-4149-456b-acd9-656f8b83474c
11-07 02:42:09 com_github_MitjaNemec_ReplicateLayout.replicate_layout 986:Dst text UUid:1674e9f2-d7b7-4e33-acf7-7f10bfaffddf
11-07 02:42:09 com_github_MitjaNemec_ReplicateLayout.replicate_layout 985:Src text UUid:dca9f91c-19f2-4f6f-ba49-09df1dc19946
11-07 02:42:09 com_github_MitjaNemec_ReplicateLayout.replicate_layout 986:Dst text UUid:fbfec1b2-acd8-482d-ac0e-f53c19e9ed48
11-07 02:42:09 com_github_MitjaNemec_ReplicateLayout.replicate_layout 985:Src text UUid:3b41c9b5-f62b-47ec-975d-28eb5c259d06
11-07 02:42:09 com_github_MitjaNemec_ReplicateLayout.replicate_layout 986:Dst text UUid:3c7c6477-2376-4067-999a-a3e545633315
11-07 02:42:09 com_github_MitjaNemec_ReplicateLayout.replicate_layout 985:Src text UUid:94443677-e33a-4761-8422-f8a680f0c143
11-07 02:42:09 com_github_MitjaNemec_ReplicateLayout.replicate_layout 986:Dst text UUid:1b737ef2-79a5-4383-a144-8729ff2bceb1
11-07 02:42:09 com_github_MitjaNemec_ReplicateLayout.replicate_layout 985:Src text UUid:1e6a4f4d-9dfd-4094-a1e3-646d9b45e7ba
11-07 02:42:09 com_github_MitjaNemec_ReplicateLayout.replicate_layout 986:Dst text UUid:8fc5fd5d-8207-4cb5-aaeb-587b4d0cc1a4
11-07 02:42:09 com_github_MitjaNemec_ReplicateLayout.replicate_layout 985:Src text UUid:85f0c999-e4b8-4509-93a7-b426e3c57f12
11-07 02:42:09 com_github_MitjaNemec_ReplicateLayout.replicate_layout 986:Dst text UUid:1d0b02fa-396e-4309-945a-63a4e6c87134
11-07 02:42:09 com_github_MitjaNemec_ReplicateLayout.replicate_layout 985:Src text UUid:2c9f3ea3-6e3a-466a-aaa6-00387b8cde9c
11-07 02:42:09 com_github_MitjaNemec_ReplicateLayout.replicate_layout 986:Dst text UUid:24613ab1-7028-40c8-9ee6-45e349c3d7d2
11-07 02:42:09 com_github_MitjaNemec_ReplicateLayout.replicate_layout 985:Src text UUid:1547463e-33c7-4f56-89f8-e68dd89f0d09
11-07 02:42:09 com_github_MitjaNemec_ReplicateLayout.replicate_layout 986:Dst text UUid:caded68e-4c6f-421d-b04c-acd99997ca7b
11-07 02:42:09 com_github_MitjaNemec_ReplicateLayout.replicate_layout 985:Src text UUid:5f14250f-fb92-4eab-9ac2-3fb57ef0bc47
11-07 02:42:09 com_github_MitjaNemec_ReplicateLayout.replicate_layout 986:Dst text UUid:0fbec757-c11e-4ebd-92b3-194a8916239a
11-07 02:42:09 com_github_MitjaNemec_ReplicateLayout.replicate_layout 985:Src text UUid:eb955dab-f800-455d-87da-4019e29604c3
11-07 02:42:09 com_github_MitjaNemec_ReplicateLayout.replicate_layout 986:Dst text UUid:5ee628d6-dd04-4f43-81ef-0a18c224ba7e
11-07 02:42:09 com_github_MitjaNemec_ReplicateLayout.replicate_layout 985:Src text UUid:babe1160-3edc-4c70-b3ce-cdbf5c660e59
11-07 02:42:09 com_github_MitjaNemec_ReplicateLayout.replicate_layout 986:Dst text UUid:65f7ed93-ac75-4aef-ab45-94545af827e7
11-07 02:42:09 com_github_MitjaNemec_ReplicateLayout.replicate_layout 985:Src text UUid:6779536c-5e25-4242-be79-7ea6c7f9aaf8
11-07 02:42:09 com_github_MitjaNemec_ReplicateLayout.replicate_layout 986:Dst text UUid:8d048270-0058-4dee-b658-0d0f821a01f5
11-07 02:42:09 com_github_MitjaNemec_ReplicateLayout.replicate_layout 985:Src text UUid:b4188095-fb7c-4c6d-a0dc-f76e4381e42b
11-07 02:42:09 com_github_MitjaNemec_ReplicateLayout.replicate_layout 986:Dst text UUid:19a86a7c-c1d9-4295-8b42-6bd81e0ffffc
11-07 02:42:09 com_github_MitjaNemec_ReplicateLayout.replicate_layout 985:Src text UUid:78cbdaa8-837e-4444-b317-1ba89e7be33b
11-07 02:42:09 com_github_MitjaNemec_ReplicateLayout.replicate_layout 986:Dst text UUid:9b996e8d-6df0-427d-a84f-5c236daf46db
11-07 02:42:09 com_github_MitjaNemec_ReplicateLayout.replicate_layout 985:Src text UUid:fdb39d6e-8a37-4224-b096-ea95e9df516c
11-07 02:42:09 com_github_MitjaNemec_ReplicateLayout.replicate_layout 986:Dst text UUid:b5c21eb4-8f9c-4862-b1f9-fa9067104255
11-07 02:42:09 com_github_MitjaNemec_ReplicateLayout.replicate_layout 985:Src text UUid:3048c75a-be8a-49d8-8713-2f8903bc498a
11-07 02:42:09 com_github_MitjaNemec_ReplicateLayout.replicate_layout 986:Dst text UUid:5918f715-91c2-428f-94cd-99a626cd404b
11-07 02:42:09 com_github_MitjaNemec_ReplicateLayout.replicate_layout 985:Src text UUid:58e1ed31-8a8d-4541-849f-7fff6263fa56
11-07 02:42:09 com_github_MitjaNemec_ReplicateLayout.replicate_layout 986:Dst text UUid:2753d525-a4ed-4bce-9088-f79c20bef853
11-07 02:42:09 com_github_MitjaNemec_ReplicateLayout.replicate_layout 985:Src text UUid:dcbe54fd-1e3a-4cf8-8e57-d469b7918e62
11-07 02:42:09 com_github_MitjaNemec_ReplicateLayout.replicate_layout 986:Dst text UUid:f308fc48-a325-4e9a-99b0-daec475b16fb
11-07 02:42:09 com_github_MitjaNemec_ReplicateLayout.replicate_layout 985:Src text UUid:d012c9df-9497-4679-a2b6-7b7b29b16427
11-07 02:42:09 com_github_MitjaNemec_ReplicateLayout.replicate_layout 986:Dst text UUid:4bebfabd-d9cc-4c76-9330-b9969ab365be
11-07 02:42:09 com_github_MitjaNemec_ReplicateLayout.replicate_layout 985:Src text UUid:5c178740-8268-424c-a306-ed39542c78bd
11-07 02:42:09 com_github_MitjaNemec_ReplicateLayout.replicate_layout 986:Dst text UUid:6a123f33-a26e-4e7a-b540-bda7099b4d2c
11-07 02:42:09 root 332:updating GUI message: 'Replicating tracks'
11-07 02:42:09 com_github_MitjaNemec_ReplicateLayout.replicate_layout 1009:Replicating tracks
11-07 02:42:09 com_github_MitjaNemec_ReplicateLayout.replicate_layout 1015:Replicating tracks on sheet ['REACTION WHEELS', 'REACTION WHEEL 1', 'MONITOR1']
11-07 02:42:09 com_github_MitjaNemec_ReplicateLayout.replicate_layout 792:Net pairs for sheet ['REACTION WHEELS', 'REACTION WHEEL 1', 'MONITOR1'] :[('/REACTION WHEELS/REACTION WHEEL 3/MONITOR1/V_3.3', '/REACTION WHEELS/REACTION WHEEL 1/MONITOR1/V_3.3'), ('/REACTION WHEELS/REACTION WHEEL 3/MONITOR1/A0', '/REACTION WHEELS/REACTION WHEEL 1/MONITOR1/A0'), ('/REACTION WHEELS/REACTION WHEEL 3/MONITOR1/A1', '/REACTION WHEELS/REACTION WHEEL 1/MONITOR1/A1'), ('/REACTION WHEELS/REACTION WHEEL 3/MONITOR1/I2C.SDA', '/REACTION WHEELS/REACTION WHEEL 1/MONITOR1/I2C.SDA'), ('/REACTION WHEELS/REACTION WHEEL 3/MONITOR1/OUT', '/REACTION WHEELS/REACTION WHEEL 1/MONITOR1/OUT'), ('/REACTION WHEELS/REACTION WHEEL 3/MONITOR1/ALERT', '/REACTION WHEELS/REACTION WHEEL 1/MONITOR1/ALERT'), ('/REACTION WHEELS/REACTION WHEEL 3/MONITOR1/I2C.SCL', '/REACTION WHEELS/REACTION WHEEL 1/MONITOR1/I2C.SCL'), ('/REACTION WHEELS/REACTION WHEEL 3/MONITOR1/V_GND', '/REACTION WHEELS/REACTION WHEEL 1/MONITOR1/V_GND'), ('/REACTION WHEELS/REACTION WHEEL 3/MONITOR1/IN', '/REACTION WHEELS/REACTION WHEEL 1/MONITOR1/IN')]
11-07 02:42:09 root 337:updating GUI with: 33
11-07 02:42:09 com_github_MitjaNemec_ReplicateLayout.replicate_layout 1015:Replicating tracks on sheet ['REACTION WHEELS', 'REACTION WHEEL 2', 'MONITOR1']
11-07 02:42:09 com_github_MitjaNemec_ReplicateLayout.replicate_layout 792:Net pairs for sheet ['REACTION WHEELS', 'REACTION WHEEL 2', 'MONITOR1'] :[('/REACTION WHEELS/REACTION WHEEL 3/MONITOR1/A1', '/REACTION WHEELS/REACTION WHEEL 2/MONITOR1/A1'), ('/REACTION WHEELS/REACTION WHEEL 3/MONITOR1/I2C.SCL', '/REACTION WHEELS/REACTION WHEEL 2/MONITOR1/I2C.SCL'), ('/REACTION WHEELS/REACTION WHEEL 3/MONITOR1/I2C.SDA', '/REACTION WHEELS/REACTION WHEEL 2/MONITOR1/I2C.SDA'), ('/REACTION WHEELS/REACTION WHEEL 3/MONITOR1/A0', '/REACTION WHEELS/REACTION WHEEL 2/MONITOR1/A0'), ('/REACTION WHEELS/REACTION WHEEL 3/MONITOR1/OUT', '/REACTION WHEELS/REACTION WHEEL 2/MONITOR1/OUT'), ('/REACTION WHEELS/REACTION WHEEL 3/MONITOR1/ALERT', '/REACTION WHEELS/REACTION WHEEL 2/MONITOR1/ALERT'), ('/REACTION WHEELS/REACTION WHEEL 3/MONITOR1/V_GND', '/REACTION WHEELS/REACTION WHEEL 2/MONITOR1/V_GND'), ('/REACTION WHEELS/REACTION WHEEL 3/MONITOR1/IN', '/REACTION WHEELS/REACTION WHEEL 2/MONITOR1/IN'), ('/REACTION WHEELS/REACTION WHEEL 3/MONITOR1/V_3.3', '/REACTION WHEELS/REACTION WHEEL 2/MONITOR1/V_3.3')]
11-07 02:42:09 root 337:updating GUI with: 66
11-07 02:42:09 com_github_MitjaNemec_ReplicateLayout.replicate_layout 1015:Replicating tracks on sheet ['REACTION WHEELS', 'REACTION WHEEL 4', 'MONITOR1']
11-07 02:42:09 com_github_MitjaNemec_ReplicateLayout.replicate_layout 792:Net pairs for sheet ['REACTION WHEELS', 'REACTION WHEEL 4', 'MONITOR1'] :[('/REACTION WHEELS/REACTION WHEEL 3/MONITOR1/A1', '/REACTION WHEELS/REACTION WHEEL 4/MONITOR1/A1'), ('/REACTION WHEELS/REACTION WHEEL 3/MONITOR1/A0', '/REACTION WHEELS/REACTION WHEEL 4/MONITOR1/A0'), ('/REACTION WHEELS/REACTION WHEEL 3/MONITOR1/I2C.SCL', '/REACTION WHEELS/REACTION WHEEL 4/MONITOR1/I2C.SCL'), ('/REACTION WHEELS/REACTION WHEEL 3/MONITOR1/V_GND', '/REACTION WHEELS/REACTION WHEEL 4/MONITOR1/V_GND'), ('/REACTION WHEELS/REACTION WHEEL 3/MONITOR1/IN', '/REACTION WHEELS/REACTION WHEEL 4/MONITOR1/IN'), ('/REACTION WHEELS/REACTION WHEEL 3/MONITOR1/V_3.3', '/REACTION WHEELS/REACTION WHEEL 4/MONITOR1/V_3.3'), ('/REACTION WHEELS/REACTION WHEEL 3/MONITOR1/ALERT', '/REACTION WHEELS/REACTION WHEEL 4/MONITOR1/ALERT'), ('/REACTION WHEELS/REACTION WHEEL 3/MONITOR1/OUT', '/REACTION WHEELS/REACTION WHEEL 4/MONITOR1/OUT'), ('/REACTION WHEELS/REACTION WHEEL 3/MONITOR1/I2C.SDA', '/REACTION WHEELS/REACTION WHEEL 4/MONITOR1/I2C.SDA')]
11-07 02:42:09 root 332:updating GUI message: 'Replicating zones'
11-07 02:42:09 root 337:updating GUI with: 0
11-07 02:42:09 com_github_MitjaNemec_ReplicateLayout.replicate_layout 1079:Replicating zones
11-07 02:42:09 com_github_MitjaNemec_ReplicateLayout.replicate_layout 1086:Replicating zones on sheet ['REACTION WHEELS', 'REACTION WHEEL 1', 'MONITOR1']
11-07 02:42:09 com_github_MitjaNemec_ReplicateLayout.replicate_layout 792:Net pairs for sheet ['REACTION WHEELS', 'REACTION WHEEL 1', 'MONITOR1'] :[('/REACTION WHEELS/REACTION WHEEL 3/MONITOR1/V_3.3', '/REACTION WHEELS/REACTION WHEEL 1/MONITOR1/V_3.3'), ('/REACTION WHEELS/REACTION WHEEL 3/MONITOR1/A0', '/REACTION WHEELS/REACTION WHEEL 1/MONITOR1/A0'), ('/REACTION WHEELS/REACTION WHEEL 3/MONITOR1/A1', '/REACTION WHEELS/REACTION WHEEL 1/MONITOR1/A1'), ('/REACTION WHEELS/REACTION WHEEL 3/MONITOR1/I2C.SDA', '/REACTION WHEELS/REACTION WHEEL 1/MONITOR1/I2C.SDA'), ('/REACTION WHEELS/REACTION WHEEL 3/MONITOR1/OUT', '/REACTION WHEELS/REACTION WHEEL 1/MONITOR1/OUT'), ('/REACTION WHEELS/REACTION WHEEL 3/MONITOR1/ALERT', '/REACTION WHEELS/REACTION WHEEL 1/MONITOR1/ALERT'), ('/REACTION WHEELS/REACTION WHEEL 3/MONITOR1/I2C.SCL', '/REACTION WHEELS/REACTION WHEEL 1/MONITOR1/I2C.SCL'), ('/REACTION WHEELS/REACTION WHEEL 3/MONITOR1/V_GND', '/REACTION WHEELS/REACTION WHEEL 1/MONITOR1/V_GND'), ('/REACTION WHEELS/REACTION WHEEL 3/MONITOR1/IN', '/REACTION WHEELS/REACTION WHEEL 1/MONITOR1/IN')]
11-07 02:42:09 root 337:updating GUI with: 33
11-07 02:42:09 com_github_MitjaNemec_ReplicateLayout.replicate_layout 1086:Replicating zones on sheet ['REACTION WHEELS', 'REACTION WHEEL 2', 'MONITOR1']
11-07 02:42:09 com_github_MitjaNemec_ReplicateLayout.replicate_layout 792:Net pairs for sheet ['REACTION WHEELS', 'REACTION WHEEL 2', 'MONITOR1'] :[('/REACTION WHEELS/REACTION WHEEL 3/MONITOR1/A1', '/REACTION WHEELS/REACTION WHEEL 2/MONITOR1/A1'), ('/REACTION WHEELS/REACTION WHEEL 3/MONITOR1/I2C.SCL', '/REACTION WHEELS/REACTION WHEEL 2/MONITOR1/I2C.SCL'), ('/REACTION WHEELS/REACTION WHEEL 3/MONITOR1/I2C.SDA', '/REACTION WHEELS/REACTION WHEEL 2/MONITOR1/I2C.SDA'), ('/REACTION WHEELS/REACTION WHEEL 3/MONITOR1/A0', '/REACTION WHEELS/REACTION WHEEL 2/MONITOR1/A0'), ('/REACTION WHEELS/REACTION WHEEL 3/MONITOR1/OUT', '/REACTION WHEELS/REACTION WHEEL 2/MONITOR1/OUT'), ('/REACTION WHEELS/REACTION WHEEL 3/MONITOR1/ALERT', '/REACTION WHEELS/REACTION WHEEL 2/MONITOR1/ALERT'), ('/REACTION WHEELS/REACTION WHEEL 3/MONITOR1/V_GND', '/REACTION WHEELS/REACTION WHEEL 2/MONITOR1/V_GND'), ('/REACTION WHEELS/REACTION WHEEL 3/MONITOR1/IN', '/REACTION WHEELS/REACTION WHEEL 2/MONITOR1/IN'), ('/REACTION WHEELS/REACTION WHEEL 3/MONITOR1/V_3.3', '/REACTION WHEELS/REACTION WHEEL 2/MONITOR1/V_3.3')]
11-07 02:42:09 root 337:updating GUI with: 66
11-07 02:42:09 com_github_MitjaNemec_ReplicateLayout.replicate_layout 1086:Replicating zones on sheet ['REACTION WHEELS', 'REACTION WHEEL 4', 'MONITOR1']
11-07 02:42:09 com_github_MitjaNemec_ReplicateLayout.replicate_layout 792:Net pairs for sheet ['REACTION WHEELS', 'REACTION WHEEL 4', 'MONITOR1'] :[('/REACTION WHEELS/REACTION WHEEL 3/MONITOR1/A1', '/REACTION WHEELS/REACTION WHEEL 4/MONITOR1/A1'), ('/REACTION WHEELS/REACTION WHEEL 3/MONITOR1/A0', '/REACTION WHEELS/REACTION WHEEL 4/MONITOR1/A0'), ('/REACTION WHEELS/REACTION WHEEL 3/MONITOR1/I2C.SCL', '/REACTION WHEELS/REACTION WHEEL 4/MONITOR1/I2C.SCL'), ('/REACTION WHEELS/REACTION WHEEL 3/MONITOR1/V_GND', '/REACTION WHEELS/REACTION WHEEL 4/MONITOR1/V_GND'), ('/REACTION WHEELS/REACTION WHEEL 3/MONITOR1/IN', '/REACTION WHEELS/REACTION WHEEL 4/MONITOR1/IN'), ('/REACTION WHEELS/REACTION WHEEL 3/MONITOR1/V_3.3', '/REACTION WHEELS/REACTION WHEEL 4/MONITOR1/V_3.3'), ('/REACTION WHEELS/REACTION WHEEL 3/MONITOR1/ALERT', '/REACTION WHEELS/REACTION WHEEL 4/MONITOR1/ALERT'), ('/REACTION WHEELS/REACTION WHEEL 3/MONITOR1/OUT', '/REACTION WHEELS/REACTION WHEEL 4/MONITOR1/OUT'), ('/REACTION WHEELS/REACTION WHEEL 3/MONITOR1/I2C.SDA', '/REACTION WHEELS/REACTION WHEEL 4/MONITOR1/I2C.SDA')]
11-07 02:42:09 root 332:updating GUI message: 'Replicating text'
11-07 02:42:09 root 337:updating GUI with: 0
11-07 02:42:09 com_github_MitjaNemec_ReplicateLayout.replicate_layout 1168:Replicating text
11-07 02:42:09 com_github_MitjaNemec_ReplicateLayout.replicate_layout 1175:Replicating text on sheet ['REACTION WHEELS', 'REACTION WHEEL 1', 'MONITOR1']
11-07 02:42:09 com_github_MitjaNemec_ReplicateLayout.replicate_layout 1175:Replicating text on sheet ['REACTION WHEELS', 'REACTION WHEEL 2', 'MONITOR1']
11-07 02:42:09 com_github_MitjaNemec_ReplicateLayout.replicate_layout 1175:Replicating text on sheet ['REACTION WHEELS', 'REACTION WHEEL 4', 'MONITOR1']
11-07 02:42:09 root 332:updating GUI message: 'Replicating drawings'
11-07 02:42:09 com_github_MitjaNemec_ReplicateLayout.replicate_layout 1219:Replicating drawings
11-07 02:42:09 com_github_MitjaNemec_ReplicateLayout.replicate_layout 1225:Replicating drawings on sheet ['REACTION WHEELS', 'REACTION WHEEL 1', 'MONITOR1']
11-07 02:42:09 com_github_MitjaNemec_ReplicateLayout.replicate_layout 1225:Replicating drawings on sheet ['REACTION WHEELS', 'REACTION WHEEL 2', 'MONITOR1']
11-07 02:42:09 com_github_MitjaNemec_ReplicateLayout.replicate_layout 1225:Replicating drawings on sheet ['REACTION WHEELS', 'REACTION WHEEL 4', 'MONITOR1']
11-07 02:42:10 com_github_MitjaNemec_ReplicateLayout.action_replicate_layout 256:Replication complete
