11-08 00:26:03 com_github_MitjaNemec_ReplicateLayout.action_replicate_layout 392:Plugin executed on: 'win32'
11-08 00:26:03 com_github_MitjaNemec_ReplicateLayout.action_replicate_layout 393:Plugin executed with python version: '3.11.5 (main, Aug 14 2024, 05:26:19) [MSC v.1939 64 bit (AMD64)]'
11-08 00:26:03 com_github_MitjaNemec_ReplicateLayout.action_replicate_layout 394:KiCad build version: 8.0.5
11-08 00:26:03 com_github_MitjaNemec_ReplicateLayout.action_replicate_layout 395:Plugin version: 3.0.3
11-08 00:26:03 com_github_MitjaNemec_ReplicateLayout.action_replicate_layout 396:Frame repr: <wx._core.Frame object at 0x0000021D28238CA0>
11-08 00:26:03 com_github_MitjaNemec_ReplicateLayout.action_replicate_layout 420:Preparing replicator with U15 as a reference
11-08 00:26:03 com_github_MitjaNemec_ReplicateLayout.replicate_layout 117:getting a list of all footprints on board
11-08 00:26:04 com_github_MitjaNemec_ReplicateLayout.action_replicate_layout 468:source anchor footprint is 'U15'
Located on: ['COMMUNICATION MODULE 2', 'DETECTOR1']
With filenames: ['communication.module.kicad_sch', 'detector.kicad_sch']
With sheet_id:['COMMUNICATION MODULE 2', 'DETECTOR1']
11-08 00:26:04 com_github_MitjaNemec_ReplicateLayout.action_replicate_layout 475:Corresponding footprints are 
[('U15', ['COMMUNICATION MODULE 2', 'DETECTOR1']), ('U13', ['COMMUNICATION MODULE 2', 'DETECTOR2']), ('U8', ['COMMUNICATION MODULE 1', 'DETECTOR2']), ('U6', ['COMMUNICATION MODULE 1', 'DETECTOR1'])]
11-08 00:26:04 com_github_MitjaNemec_ReplicateLayout.action_replicate_layout 487:Showing dialog
11-08 00:26:04 com_github_MitjaNemec_ReplicateLayout.replicate_layout 472:constructing a list of sheets suitable for replication on level:'DETECTOR1', file:'detector.kicad_sch'
11-08 00:26:04 com_github_MitjaNemec_ReplicateLayout.replicate_layout 509:suitable sheets are:[['COMMUNICATION MODULE 1', 'DETECTOR1'], ['COMMUNICATION MODULE 1', 'DETECTOR2'], ['COMMUNICATION MODULE 2', 'DETECTOR2']]
11-08 00:26:04 com_github_MitjaNemec_ReplicateLayout.replicate_layout 1507:Level selected: ['COMMUNICATION MODULE 2', 'DETECTOR1']
11-08 00:26:04 com_github_MitjaNemec_ReplicateLayout.replicate_layout 1331:Filtering list of tracks
11-08 00:26:04 com_github_MitjaNemec_ReplicateLayout.action_replicate_layout 493:Toolbar position: wx.Point(1886, 77)
11-08 00:26:04 com_github_MitjaNemec_ReplicateLayout.action_replicate_layout 498:Dialog position: wx.Point(1447, 77)
11-08 00:26:10 com_github_MitjaNemec_ReplicateLayout.replicate_layout 472:constructing a list of sheets suitable for replication on level:'COMMUNICATION MODULE 2', file:'communication.module.kicad_sch'
11-08 00:26:10 com_github_MitjaNemec_ReplicateLayout.replicate_layout 509:suitable sheets are:[['COMMUNICATION MODULE 1']]
11-08 00:26:10 com_github_MitjaNemec_ReplicateLayout.replicate_layout 1507:Level selected: ['COMMUNICATION MODULE 2']
11-08 00:26:10 com_github_MitjaNemec_ReplicateLayout.replicate_layout 1331:Filtering list of tracks
11-08 00:26:11 com_github_MitjaNemec_ReplicateLayout.replicate_layout 472:constructing a list of sheets suitable for replication on level:'DETECTOR1', file:'detector.kicad_sch'
11-08 00:26:11 com_github_MitjaNemec_ReplicateLayout.replicate_layout 509:suitable sheets are:[['COMMUNICATION MODULE 1', 'DETECTOR1'], ['COMMUNICATION MODULE 1', 'DETECTOR2'], ['COMMUNICATION MODULE 2', 'DETECTOR2']]
11-08 00:26:11 com_github_MitjaNemec_ReplicateLayout.replicate_layout 1507:Level selected: ['COMMUNICATION MODULE 2', 'DETECTOR1']
11-08 00:26:11 com_github_MitjaNemec_ReplicateLayout.replicate_layout 1331:Filtering list of tracks
11-08 00:26:12 com_github_MitjaNemec_ReplicateLayout.replicate_layout 472:constructing a list of sheets suitable for replication on level:'COMMUNICATION MODULE 2', file:'communication.module.kicad_sch'
11-08 00:26:12 com_github_MitjaNemec_ReplicateLayout.replicate_layout 509:suitable sheets are:[['COMMUNICATION MODULE 1']]
11-08 00:26:12 com_github_MitjaNemec_ReplicateLayout.replicate_layout 1507:Level selected: ['COMMUNICATION MODULE 2']
11-08 00:26:12 com_github_MitjaNemec_ReplicateLayout.replicate_layout 1331:Filtering list of tracks
11-08 00:26:13 com_github_MitjaNemec_ReplicateLayout.replicate_layout 472:constructing a list of sheets suitable for replication on level:'DETECTOR1', file:'detector.kicad_sch'
11-08 00:26:13 com_github_MitjaNemec_ReplicateLayout.replicate_layout 509:suitable sheets are:[['COMMUNICATION MODULE 1', 'DETECTOR1'], ['COMMUNICATION MODULE 1', 'DETECTOR2'], ['COMMUNICATION MODULE 2', 'DETECTOR2']]
11-08 00:26:13 com_github_MitjaNemec_ReplicateLayout.replicate_layout 1507:Level selected: ['COMMUNICATION MODULE 2', 'DETECTOR1']
11-08 00:26:13 com_github_MitjaNemec_ReplicateLayout.replicate_layout 1331:Filtering list of tracks
11-08 00:26:16 com_github_MitjaNemec_ReplicateLayout.replicate_layout 472:constructing a list of sheets suitable for replication on level:'DETECTOR1', file:'detector.kicad_sch'
11-08 00:26:16 com_github_MitjaNemec_ReplicateLayout.replicate_layout 509:suitable sheets are:[['COMMUNICATION MODULE 1', 'DETECTOR1'], ['COMMUNICATION MODULE 1', 'DETECTOR2'], ['COMMUNICATION MODULE 2', 'DETECTOR2']]
11-08 00:26:16 com_github_MitjaNemec_ReplicateLayout.action_replicate_layout 240:Replicating layout
11-08 00:26:16 com_github_MitjaNemec_ReplicateLayout.replicate_layout 288:Starting replication of sheets: [['COMMUNICATION MODULE 1', 'DETECTOR1'], ['COMMUNICATION MODULE 1', 'DETECTOR2'], ['COMMUNICATION MODULE 2', 'DETECTOR2']]
on level: ['COMMUNICATION MODULE 2', 'DETECTOR1']
with tracks=True, zone=True, text=True, text=True, intersecting=False, remove=False, locked footprints=False, group_only=False
11-08 00:26:16 root 332:updating GUI message: 'Preparing for replication'
11-08 00:26:16 root 337:updating GUI with: 0
11-08 00:26:16 com_github_MitjaNemec_ReplicateLayout.replicate_layout 358:Getting the list of source footprints
11-08 00:26:16 root 337:updating GUI with: 0
11-08 00:26:16 com_github_MitjaNemec_ReplicateLayout.replicate_layout 368:Getting the list of all the remaining footprints
11-08 00:26:16 com_github_MitjaNemec_ReplicateLayout.replicate_layout 375:Getting source tracks
11-08 00:26:16 com_github_MitjaNemec_ReplicateLayout.replicate_layout 1331:Filtering list of tracks
11-08 00:26:16 com_github_MitjaNemec_ReplicateLayout.replicate_layout 379:Getting source zones
11-08 00:26:16 com_github_MitjaNemec_ReplicateLayout.replicate_layout 383:Getting source text items
11-08 00:26:16 root 337:updating GUI with: 66
11-08 00:26:16 com_github_MitjaNemec_ReplicateLayout.replicate_layout 387:Getting source drawing items
11-08 00:26:16 root 332:updating GUI message: 'Replicating footprints'
11-08 00:26:16 com_github_MitjaNemec_ReplicateLayout.replicate_layout 861:Replicating footprints
11-08 00:26:16 com_github_MitjaNemec_ReplicateLayout.replicate_layout 868:Replicating footprints on sheet ['COMMUNICATION MODULE 1', 'DETECTOR1']
11-08 00:26:16 com_github_MitjaNemec_ReplicateLayout.replicate_layout 985:Src text UUid:143750e1-9a6c-42d6-b736-199f4abc080d
11-08 00:26:16 com_github_MitjaNemec_ReplicateLayout.replicate_layout 986:Dst text UUid:5fe7047c-8c08-44bc-9eb4-1f020a066997
11-08 00:26:16 com_github_MitjaNemec_ReplicateLayout.replicate_layout 985:Src text UUid:f05dff8c-1fab-40c2-ab01-3aa23f825d07
11-08 00:26:16 com_github_MitjaNemec_ReplicateLayout.replicate_layout 986:Dst text UUid:7c3f5357-ae86-40bb-a901-a21175ee994f
11-08 00:26:16 com_github_MitjaNemec_ReplicateLayout.replicate_layout 985:Src text UUid:26cab1c7-caa0-4aeb-8e43-5e9453b03064
11-08 00:26:16 com_github_MitjaNemec_ReplicateLayout.replicate_layout 986:Dst text UUid:1319f3e8-6dd4-4a86-8a71-1d3ab0e47d90
11-08 00:26:16 com_github_MitjaNemec_ReplicateLayout.replicate_layout 985:Src text UUid:73530c7d-0994-46e7-984a-0fbbab14439f
11-08 00:26:16 com_github_MitjaNemec_ReplicateLayout.replicate_layout 986:Dst text UUid:835b4f83-4fb6-4beb-9f31-9f786d4332b7
11-08 00:26:16 com_github_MitjaNemec_ReplicateLayout.replicate_layout 985:Src text UUid:02358a90-c257-4048-bd63-c75e287575d5
11-08 00:26:16 com_github_MitjaNemec_ReplicateLayout.replicate_layout 986:Dst text UUid:d5632de2-03f7-4c46-90d9-ce11c62265c5
11-08 00:26:16 com_github_MitjaNemec_ReplicateLayout.replicate_layout 985:Src text UUid:17f44a0f-e641-4556-a531-38c097db75ac
11-08 00:26:16 com_github_MitjaNemec_ReplicateLayout.replicate_layout 986:Dst text UUid:d4e11174-9d07-46a0-981c-1246adbcca85
11-08 00:26:16 com_github_MitjaNemec_ReplicateLayout.replicate_layout 985:Src text UUid:4d4854d8-ef48-4f29-a64a-63a1bf8f5a6c
11-08 00:26:16 com_github_MitjaNemec_ReplicateLayout.replicate_layout 986:Dst text UUid:2a19df16-0534-4924-b5d6-0beb1b7b568c
11-08 00:26:16 com_github_MitjaNemec_ReplicateLayout.replicate_layout 985:Src text UUid:7541aaea-a7df-4cd2-a756-28b77ceb6165
11-08 00:26:16 com_github_MitjaNemec_ReplicateLayout.replicate_layout 986:Dst text UUid:8e838111-3d40-4663-8dc8-7df0cce14d28
11-08 00:26:16 com_github_MitjaNemec_ReplicateLayout.replicate_layout 868:Replicating footprints on sheet ['COMMUNICATION MODULE 1', 'DETECTOR2']
11-08 00:26:16 com_github_MitjaNemec_ReplicateLayout.replicate_layout 985:Src text UUid:143750e1-9a6c-42d6-b736-199f4abc080d
11-08 00:26:16 com_github_MitjaNemec_ReplicateLayout.replicate_layout 986:Dst text UUid:d93d020c-ad59-4949-926c-54829f5dd923
11-08 00:26:16 com_github_MitjaNemec_ReplicateLayout.replicate_layout 985:Src text UUid:f05dff8c-1fab-40c2-ab01-3aa23f825d07
11-08 00:26:16 com_github_MitjaNemec_ReplicateLayout.replicate_layout 986:Dst text UUid:4f7e5058-7bd9-4eeb-9780-6c5c853845d6
11-08 00:26:16 com_github_MitjaNemec_ReplicateLayout.replicate_layout 985:Src text UUid:26cab1c7-caa0-4aeb-8e43-5e9453b03064
11-08 00:26:16 com_github_MitjaNemec_ReplicateLayout.replicate_layout 986:Dst text UUid:e66a4dd2-4739-4dab-913c-abc4e1c47259
11-08 00:26:16 com_github_MitjaNemec_ReplicateLayout.replicate_layout 985:Src text UUid:73530c7d-0994-46e7-984a-0fbbab14439f
11-08 00:26:16 com_github_MitjaNemec_ReplicateLayout.replicate_layout 986:Dst text UUid:f67d97c4-f889-4ba7-9ba3-cae0acaaeacb
11-08 00:26:16 com_github_MitjaNemec_ReplicateLayout.replicate_layout 985:Src text UUid:02358a90-c257-4048-bd63-c75e287575d5
11-08 00:26:16 com_github_MitjaNemec_ReplicateLayout.replicate_layout 986:Dst text UUid:fe353d44-20dd-4d25-bf83-d8d365c1af32
11-08 00:26:16 com_github_MitjaNemec_ReplicateLayout.replicate_layout 985:Src text UUid:17f44a0f-e641-4556-a531-38c097db75ac
11-08 00:26:16 com_github_MitjaNemec_ReplicateLayout.replicate_layout 986:Dst text UUid:4c4b1b3b-d4af-4c49-aa91-335d2fd94486
11-08 00:26:16 com_github_MitjaNemec_ReplicateLayout.replicate_layout 985:Src text UUid:4d4854d8-ef48-4f29-a64a-63a1bf8f5a6c
11-08 00:26:16 com_github_MitjaNemec_ReplicateLayout.replicate_layout 986:Dst text UUid:42dfbae9-f499-45c0-8ae7-c8f7c1d44942
11-08 00:26:16 com_github_MitjaNemec_ReplicateLayout.replicate_layout 985:Src text UUid:7541aaea-a7df-4cd2-a756-28b77ceb6165
11-08 00:26:16 com_github_MitjaNemec_ReplicateLayout.replicate_layout 986:Dst text UUid:86f599d8-3fc5-44e4-a1de-35015195288a
11-08 00:26:16 com_github_MitjaNemec_ReplicateLayout.replicate_layout 868:Replicating footprints on sheet ['COMMUNICATION MODULE 2', 'DETECTOR2']
11-08 00:26:16 root 337:updating GUI with: 77
11-08 00:26:16 com_github_MitjaNemec_ReplicateLayout.replicate_layout 985:Src text UUid:143750e1-9a6c-42d6-b736-199f4abc080d
11-08 00:26:16 com_github_MitjaNemec_ReplicateLayout.replicate_layout 986:Dst text UUid:62e421f6-f1e5-49ec-a883-acd1ffb471cd
11-08 00:26:16 com_github_MitjaNemec_ReplicateLayout.replicate_layout 985:Src text UUid:f05dff8c-1fab-40c2-ab01-3aa23f825d07
11-08 00:26:16 com_github_MitjaNemec_ReplicateLayout.replicate_layout 986:Dst text UUid:aca3b07b-1e94-459a-b753-6c254f91e20e
11-08 00:26:16 com_github_MitjaNemec_ReplicateLayout.replicate_layout 985:Src text UUid:26cab1c7-caa0-4aeb-8e43-5e9453b03064
11-08 00:26:16 com_github_MitjaNemec_ReplicateLayout.replicate_layout 986:Dst text UUid:a48e09ae-bdc5-41de-a1fd-e71257a54904
11-08 00:26:16 com_github_MitjaNemec_ReplicateLayout.replicate_layout 985:Src text UUid:73530c7d-0994-46e7-984a-0fbbab14439f
11-08 00:26:16 com_github_MitjaNemec_ReplicateLayout.replicate_layout 986:Dst text UUid:208ff534-018e-476a-b7f5-afaf67a53494
11-08 00:26:16 com_github_MitjaNemec_ReplicateLayout.replicate_layout 985:Src text UUid:02358a90-c257-4048-bd63-c75e287575d5
11-08 00:26:16 com_github_MitjaNemec_ReplicateLayout.replicate_layout 986:Dst text UUid:a8af4b12-7273-4850-8699-519eee20ab64
11-08 00:26:16 com_github_MitjaNemec_ReplicateLayout.replicate_layout 985:Src text UUid:17f44a0f-e641-4556-a531-38c097db75ac
11-08 00:26:16 com_github_MitjaNemec_ReplicateLayout.replicate_layout 986:Dst text UUid:fbc84d0f-5f2c-4ac1-b7f6-607ccd7c0581
11-08 00:26:16 com_github_MitjaNemec_ReplicateLayout.replicate_layout 985:Src text UUid:4d4854d8-ef48-4f29-a64a-63a1bf8f5a6c
11-08 00:26:16 com_github_MitjaNemec_ReplicateLayout.replicate_layout 986:Dst text UUid:a70204d8-42f7-4070-b174-ab1d2792d372
11-08 00:26:16 com_github_MitjaNemec_ReplicateLayout.replicate_layout 985:Src text UUid:7541aaea-a7df-4cd2-a756-28b77ceb6165
11-08 00:26:16 com_github_MitjaNemec_ReplicateLayout.replicate_layout 986:Dst text UUid:abba7dc3-3867-4279-bcfb-def35c88df3f
11-08 00:26:16 root 332:updating GUI message: 'Replicating tracks'
11-08 00:26:16 com_github_MitjaNemec_ReplicateLayout.replicate_layout 1009:Replicating tracks
11-08 00:26:16 com_github_MitjaNemec_ReplicateLayout.replicate_layout 1015:Replicating tracks on sheet ['COMMUNICATION MODULE 1', 'DETECTOR1']
11-08 00:26:16 com_github_MitjaNemec_ReplicateLayout.replicate_layout 792:Net pairs for sheet ['COMMUNICATION MODULE 1', 'DETECTOR1'] :[('unconnected-(U15-REF-Pad5)', 'unconnected-(U6-REF-Pad5)'), ('/COMMUNICATION MODULE 2/DETECTOR1/V_3.3', '/COMMUNICATION MODULE 1/DETECTOR1/V_3.3'), ('/COMMUNICATION MODULE 2/ATTENUATOR1/OUT', '/COMMUNICATION MODULE 1/ATTENUATOR1/OUT'), ('/COMMUNICATION MODULE 2/DETECTOR_ENABLE', '/COMMUNICATION MODULE 1/DETECTOR_ENABLE'), ('/COMMUNICATION MODULE 2/DETECTOR1/OUT', '/COMMUNICATION MODULE 1/DETECTOR1/OUT'), ('GND', 'GND')]
11-08 00:26:16 com_github_MitjaNemec_ReplicateLayout.replicate_layout 1015:Replicating tracks on sheet ['COMMUNICATION MODULE 1', 'DETECTOR2']
11-08 00:26:16 com_github_MitjaNemec_ReplicateLayout.replicate_layout 792:Net pairs for sheet ['COMMUNICATION MODULE 1', 'DETECTOR2'] :[('/COMMUNICATION MODULE 2/DETECTOR1/V_3.3', '/COMMUNICATION MODULE 1/DETECTOR2/V_3.3'), ('/COMMUNICATION MODULE 2/DETECTOR_ENABLE', '/COMMUNICATION MODULE 1/DETECTOR_ENABLE'), ('/COMMUNICATION MODULE 2/DETECTOR1/OUT', '/COMMUNICATION MODULE 1/DETECTOR2/OUT'), ('/COMMUNICATION MODULE 2/ATTENUATOR1/OUT', '/COMMUNICATION MODULE 1/ATTENUATOR2/OUT'), ('unconnected-(U15-REF-Pad5)', 'unconnected-(U8-REF-Pad5)'), ('GND', 'GND')]
11-08 00:26:16 com_github_MitjaNemec_ReplicateLayout.replicate_layout 1015:Replicating tracks on sheet ['COMMUNICATION MODULE 2', 'DETECTOR2']
11-08 00:26:16 com_github_MitjaNemec_ReplicateLayout.replicate_layout 792:Net pairs for sheet ['COMMUNICATION MODULE 2', 'DETECTOR2'] :[('unconnected-(U15-REF-Pad5)', 'unconnected-(U13-REF-Pad5)'), ('/COMMUNICATION MODULE 2/DETECTOR1/V_3.3', '/COMMUNICATION MODULE 2/DETECTOR2/V_3.3'), ('/COMMUNICATION MODULE 2/DETECTOR1/OUT', '/COMMUNICATION MODULE 2/DETECTOR2/OUT'), ('/COMMUNICATION MODULE 2/DETECTOR_ENABLE', '/COMMUNICATION MODULE 2/DETECTOR_ENABLE'), ('/COMMUNICATION MODULE 2/ATTENUATOR1/OUT', '/COMMUNICATION MODULE 2/ATTENUATOR2/OUT'), ('GND', 'GND')]
11-08 00:26:16 root 332:updating GUI message: 'Replicating zones'
11-08 00:26:16 com_github_MitjaNemec_ReplicateLayout.replicate_layout 1079:Replicating zones
11-08 00:26:16 com_github_MitjaNemec_ReplicateLayout.replicate_layout 1086:Replicating zones on sheet ['COMMUNICATION MODULE 1', 'DETECTOR1']
11-08 00:26:16 com_github_MitjaNemec_ReplicateLayout.replicate_layout 792:Net pairs for sheet ['COMMUNICATION MODULE 1', 'DETECTOR1'] :[('unconnected-(U15-REF-Pad5)', 'unconnected-(U6-REF-Pad5)'), ('/COMMUNICATION MODULE 2/DETECTOR1/V_3.3', '/COMMUNICATION MODULE 1/DETECTOR1/V_3.3'), ('/COMMUNICATION MODULE 2/ATTENUATOR1/OUT', '/COMMUNICATION MODULE 1/ATTENUATOR1/OUT'), ('/COMMUNICATION MODULE 2/DETECTOR_ENABLE', '/COMMUNICATION MODULE 1/DETECTOR_ENABLE'), ('/COMMUNICATION MODULE 2/DETECTOR1/OUT', '/COMMUNICATION MODULE 1/DETECTOR1/OUT'), ('GND', 'GND')]
11-08 00:26:16 root 337:updating GUI with: 33
11-08 00:26:16 com_github_MitjaNemec_ReplicateLayout.replicate_layout 1086:Replicating zones on sheet ['COMMUNICATION MODULE 1', 'DETECTOR2']
11-08 00:26:16 com_github_MitjaNemec_ReplicateLayout.replicate_layout 792:Net pairs for sheet ['COMMUNICATION MODULE 1', 'DETECTOR2'] :[('/COMMUNICATION MODULE 2/DETECTOR1/V_3.3', '/COMMUNICATION MODULE 1/DETECTOR2/V_3.3'), ('/COMMUNICATION MODULE 2/DETECTOR_ENABLE', '/COMMUNICATION MODULE 1/DETECTOR_ENABLE'), ('/COMMUNICATION MODULE 2/DETECTOR1/OUT', '/COMMUNICATION MODULE 1/DETECTOR2/OUT'), ('/COMMUNICATION MODULE 2/ATTENUATOR1/OUT', '/COMMUNICATION MODULE 1/ATTENUATOR2/OUT'), ('unconnected-(U15-REF-Pad5)', 'unconnected-(U8-REF-Pad5)'), ('GND', 'GND')]
11-08 00:26:16 com_github_MitjaNemec_ReplicateLayout.replicate_layout 1086:Replicating zones on sheet ['COMMUNICATION MODULE 2', 'DETECTOR2']
11-08 00:26:16 com_github_MitjaNemec_ReplicateLayout.replicate_layout 792:Net pairs for sheet ['COMMUNICATION MODULE 2', 'DETECTOR2'] :[('unconnected-(U15-REF-Pad5)', 'unconnected-(U13-REF-Pad5)'), ('/COMMUNICATION MODULE 2/DETECTOR1/V_3.3', '/COMMUNICATION MODULE 2/DETECTOR2/V_3.3'), ('/COMMUNICATION MODULE 2/DETECTOR1/OUT', '/COMMUNICATION MODULE 2/DETECTOR2/OUT'), ('/COMMUNICATION MODULE 2/DETECTOR_ENABLE', '/COMMUNICATION MODULE 2/DETECTOR_ENABLE'), ('/COMMUNICATION MODULE 2/ATTENUATOR1/OUT', '/COMMUNICATION MODULE 2/ATTENUATOR2/OUT'), ('GND', 'GND')]
11-08 00:26:16 root 332:updating GUI message: 'Replicating text'
11-08 00:26:16 com_github_MitjaNemec_ReplicateLayout.replicate_layout 1168:Replicating text
11-08 00:26:16 com_github_MitjaNemec_ReplicateLayout.replicate_layout 1175:Replicating text on sheet ['COMMUNICATION MODULE 1', 'DETECTOR1']
11-08 00:26:16 com_github_MitjaNemec_ReplicateLayout.replicate_layout 1175:Replicating text on sheet ['COMMUNICATION MODULE 1', 'DETECTOR2']
11-08 00:26:16 com_github_MitjaNemec_ReplicateLayout.replicate_layout 1175:Replicating text on sheet ['COMMUNICATION MODULE 2', 'DETECTOR2']
11-08 00:26:16 root 332:updating GUI message: 'Replicating drawings'
11-08 00:26:16 com_github_MitjaNemec_ReplicateLayout.replicate_layout 1219:Replicating drawings
11-08 00:26:16 com_github_MitjaNemec_ReplicateLayout.replicate_layout 1225:Replicating drawings on sheet ['COMMUNICATION MODULE 1', 'DETECTOR1']
11-08 00:26:16 com_github_MitjaNemec_ReplicateLayout.replicate_layout 1225:Replicating drawings on sheet ['COMMUNICATION MODULE 1', 'DETECTOR2']
11-08 00:26:16 com_github_MitjaNemec_ReplicateLayout.replicate_layout 1225:Replicating drawings on sheet ['COMMUNICATION MODULE 2', 'DETECTOR2']
11-08 00:26:16 com_github_MitjaNemec_ReplicateLayout.action_replicate_layout 256:Replication complete
